已經開始建置於 2015/6/20 下午 05:45:31。
     1>節點 2 (Build 目標) 上的專案 "C:\Users\matt-pc\Documents\Visual Studio 2012\Projects\Save_Image\Save_Image\Save_Image.vcxproj"。
     1>ClCompile:
         C:\Program Files (x86)\Microsoft Visual Studio 11.0\VC\bin\CL.exe /c /I"C:\Users\matt-pc\Documents\Visual Studio 2012\Projects\Save_Image\Save_Image" /I"C:\Program Files (x86)\OpenNI\Include" /ZI /nologo /W3 /WX- /Od /Oy- /D WIN32 /D _DEBUG /D _CONSOLE /Gm /EHsc /RTC1 /MDd /GS /fp:precise /Zc:wchar_t /Zc:forScope /Fo"Debug\\" /Fd"Debug\vc110.pdb" /Gd /TP /analyze- /errorReport:prompt Device.cpp Draw.cpp
         Draw.cpp
     1>c:\opencv2.2\include\opencv2\flann\dist.h : warning C4819: 檔案含有無法在目前字碼頁 (950) 中表示的字元。請以 Unicode 格式儲存檔案以防止資料遺失
     1>c:\opencv2.2\include\opencv2\legacy\compat.hpp : warning C4819: 檔案含有無法在目前字碼頁 (950) 中表示的字元。請以 Unicode 格式儲存檔案以防止資料遺失
         Device.cpp
     1>c:\opencv2.2\include\opencv2\flann\dist.h : warning C4819: 檔案含有無法在目前字碼頁 (950) 中表示的字元。請以 Unicode 格式儲存檔案以防止資料遺失
     1>c:\opencv2.2\include\opencv2\legacy\compat.hpp : warning C4819: 檔案含有無法在目前字碼頁 (950) 中表示的字元。請以 Unicode 格式儲存檔案以防止資料遺失
     1>c:\users\matt-pc\documents\visual studio 2012\projects\save_image\save_image\device.cpp(89): warning C4018: '<' : signed/unsigned 不相符
     1>c:\users\matt-pc\documents\visual studio 2012\projects\save_image\save_image\device.cpp(95): warning C4018: '<' : signed/unsigned 不相符
         正在產生程式碼...
       Link:
         C:\Program Files (x86)\Microsoft Visual Studio 11.0\VC\bin\link.exe /ERRORREPORT:PROMPT /OUT:"C:\Users\matt-pc\Documents\Visual Studio 2012\Projects\Save_Image\Debug\Save_Image.exe" /INCREMENTAL /NOLOGO /LIBPATH:"C:\Users\matt-pc\Documents\Visual Studio 2012\Projects\Save_Image\Save_Image\Libs" /LIBPATH:"C:\Program Files (x86)\OpenNI\Lib" glut32.lib OpenNI.lib C:\OpenCV2.2\lib\opencv_core220d.lib C:\OpenCV2.2\lib\opencv_highgui220d.lib C:\OpenCV2.2\lib\opencv_video220d.lib C:\OpenCV2.2\lib\opencv_ml220d.lib C:\OpenCV2.2\lib\opencv_legacy220d.lib C:\OpenCV2.2\lib\opencv_imgproc220d.lib C:\OpenCV2.2\lib\opencv_calib3d220d.lib kernel32.lib user32.lib gdi32.lib winspool.lib comdlg32.lib advapi32.lib shell32.lib ole32.lib oleaut32.lib uuid.lib odbc32.lib odbccp32.lib /MANIFEST /MANIFESTUAC:"level='asInvoker' uiAccess='false'" /manifest:embed /DEBUG /PDB:"C:\Users\matt-pc\Documents\Visual Studio 2012\Projects\Save_Image\Debug\Save_Image.pdb" /SUBSYSTEM:CONSOLE /TLBID:1 /DYNAMICBASE /NXCOMPAT /IMPLIB:"C:\Users\matt-pc\Documents\Visual Studio 2012\Projects\Save_Image\Debug\Save_Image.lib" /MACHINE:X86 Debug\Audio.obj
         Debug\Capture.obj
         Debug\Device.obj
         Debug\Draw.obj
         Debug\Keyboard.obj
         Debug\Menu.obj
         Debug\MouseInput.obj
         Debug\NiViewer.obj
         Debug\Statistics.obj
         Save_Image.vcxproj -> C:\Users\matt-pc\Documents\Visual Studio 2012\Projects\Save_Image\Debug\Save_Image.exe
     1>專案 "C:\Users\matt-pc\Documents\Visual Studio 2012\Projects\Save_Image\Save_Image\Save_Image.vcxproj" (Build 目標) 建置完成。

建置成功。

經過時間 00:00:09.91
